# JRE version: OpenJDK Runtime Environment (11.0.13+8) (build 11.0.13+8-Ubuntu-0ubuntu1.20.04)
# Java VM: OpenJDK 64-Bit Server VM (11.0.13+8-Ubuntu-0ubuntu1.20.04, mixed mode, sharing, tiered, compressed oops, g1 gc, linux-amd64)
Heap:
 garbage-first heap   total 113664K, used 54922K [0x00000000c4600000, 0x0000000100000000)
  region size 1024K, 34 young (34816K), 7 survivors (7168K)
 Metaspace       used 58102K, capacity 59820K, committed 59952K, reserved 1101824K
  class space    used 7594K, capacity 8248K, committed 8320K, reserved 1048576K
GC Heap History (20 events):
Event: 37.092 GC heap before
{Heap before GC invocations=7 (full 0):
 garbage-first heap   total 94208K, used 61204K [0x00000000c4600000, 0x0000000100000000)
  region size 1024K, 55 young (56320K), 4 survivors (4096K)
 Metaspace       used 19220K, capacity 19826K, committed 20224K, reserved 1067008K
  class space    used 2428K, capacity 2704K, committed 2816K, reserved 1048576K
}
Event: 37.154 GC heap after
{Heap after GC invocations=8 (full 0):
 garbage-first heap   total 94208K, used 11836K [0x00000000c4600000, 0x0000000100000000)
  region size 1024K, 5 young (5120K), 5 survivors (5120K)
 Metaspace       used 19220K, capacity 19826K, committed 20224K, reserved 1067008K
  class space    used 2428K, capacity 2704K, committed 2816K, reserved 1048576K
}
Event: 40.999 GC heap before
{Heap before GC invocations=8 (full 0):
 garbage-first heap   total 94208K, used 62012K [0x00000000c4600000, 0x0000000100000000)
  region size 1024K, 55 young (56320K), 5 survivors (5120K)
 Metaspace       used 20188K, capacity 20795K, committed 21120K, reserved 1067008K
  class space    used 2564K, capacity 2839K, committed 2944K, reserved 1048576K
}
Event: 41.089 GC heap after
{Heap after GC invocations=9 (full 0):
 garbage-first heap   total 94208K, used 13265K [0x00000000c4600000, 0x0000000100000000)
  region size 1024K, 4 young (4096K), 4 survivors (4096K)
 Metaspace       used 20188K, capacity 20795K, committed 21120K, reserved 1067008K
  class space    used 2564K, capacity 2839K, committed 2944K, reserved 1048576K
}
Event: 41.551 GC heap before
{Heap before GC invocations=9 (full 0):
 garbage-first heap   total 94208K, used 24529K [0x00000000c4600000, 0x0000000100000000)
  region size 1024K, 17 young (17408K), 4 survivors (4096K)
 Metaspace       used 20489K, capacity 21147K, committed 21296K, reserved 1067008K
  class space    used 2588K, capacity 2871K, committed 2944K, reserved 1048576K
}
Event: 41.609 GC heap after
{Heap after GC invocations=10 (full 0):
 garbage-first heap   total 113664K, used 12523K [0x00000000c4600000, 0x0000000100000000)
  region size 1024K, 3 young (3072K), 3 survivors (3072K)
 Metaspace       used 20489K, capacity 21147K, committed 21296K, reserved 1067008K
  class space    used 2588K, capacity 2871K, committed 2944K, reserved 1048576K
}
Event: 54.392 GC heap before
{Heap before GC invocations=11 (full 0):
 garbage-first heap   total 113664K, used 70891K [0x00000000c4600000, 0x0000000100000000)
  region size 1024K, 60 young (61440K), 3 survivors (3072K)
 Metaspace       used 24511K, capacity 25383K, committed 25648K, reserved 1071104K
  class space    used 3076K, capacity 3400K, committed 3456K, reserved 1048576K
}
Event: 54.541 GC heap after
{Heap after GC invocations=12 (full 0):
 garbage-first heap   total 113664K, used 14703K [0x00000000c4600000, 0x0000000100000000)
  region size 1024K, 5 young (5120K), 5 survivors (5120K)
 Metaspace       used 24511K, capacity 25383K, committed 25648K, reserved 1071104K
  class space    used 3076K, capacity 3400K, committed 3456K, reserved 1048576K
}
Event: 63.407 GC heap before
{Heap before GC invocations=12 (full 0):
 garbage-first heap   total 113664K, used 74095K [0x00000000c4600000, 0x0000000100000000)
  region size 1024K, 64 young (65536K), 5 survivors (5120K)
 Metaspace       used 31148K, capacity 32288K, committed 32560K, reserved 1077248K
  class space    used 3945K, capacity 4402K, committed 4480K, reserved 1048576K
}
Event: 63.485 GC heap after
{Heap after GC invocations=13 (full 0):
 garbage-first heap   total 113664K, used 18360K [0x00000000c4600000, 0x0000000100000000)
  region size 1024K, 7 young (7168K), 7 survivors (7168K)
 Metaspace       used 31148K, capacity 32288K, committed 32560K, reserved 1077248K
  class space    used 3945K, capacity 4402K, committed 4480K, reserved 1048576K
}
Event: 63.789 GC heap before
{Heap before GC invocations=13 (full 0):
 garbage-first heap   total 113664K, used 77752K [0x00000000c4600000, 0x0000000100000000)
  region size 1024K, 66 young (67584K), 7 survivors (7168K)
 Metaspace       used 31707K, capacity 32888K, committed 33072K, reserved 1077248K
  class space    used 3998K, capacity 4474K, committed 4480K, reserved 1048576K
}
Event: 63.839 GC heap after
{Heap after GC invocations=14 (full 0):
 garbage-first heap   total 113664K, used 18632K [0x00000000c4600000, 0x0000000100000000)
  region size 1024K, 5 young (5120K), 5 survivors (5120K)
 Metaspace       used 31707K, capacity 32888K, committed 33072K, reserved 1077248K
  class space    used 3998K, capacity 4474K, committed 4480K, reserved 1048576K
}
Event: 66.897 GC heap before
{Heap before GC invocations=14 (full 0):
 garbage-first heap   total 113664K, used 57544K [0x00000000c4600000, 0x0000000100000000)
  region size 1024K, 45 young (46080K), 5 survivors (5120K)
 Metaspace       used 34462K, capacity 35634K, committed 35888K, reserved 1081344K
  class space    used 4357K, capacity 4880K, committed 4992K, reserved 1048576K
}
Event: 66.946 GC heap after
{Heap after GC invocations=15 (full 0):
 garbage-first heap   total 113664K, used 18976K [0x00000000c4600000, 0x0000000100000000)
  region size 1024K, 5 young (5120K), 5 survivors (5120K)
 Metaspace       used 34462K, capacity 35634K, committed 35888K, reserved 1081344K
  class space    used 4357K, capacity 4880K, committed 4992K, reserved 1048576K
}
Event: 71.179 GC heap before
{Heap before GC invocations=16 (full 0):
 garbage-first heap   total 113664K, used 51744K [0x00000000c4600000, 0x0000000100000000)
  region size 1024K, 37 young (37888K), 5 survivors (5120K)
 Metaspace       used 41135K, capacity 42385K, committed 42672K, reserved 1085440K
  class space    used 5330K, capacity 5871K, committed 5888K, reserved 1048576K
}
Event: 71.260 GC heap after
{Heap after GC invocations=17 (full 0):
 garbage-first heap   total 113664K, used 22080K [0x00000000c4600000, 0x0000000100000000)
  region size 1024K, 5 young (5120K), 5 survivors (5120K)
 Metaspace       used 41135K, capacity 42385K, committed 42672K, reserved 1085440K
  class space    used 5330K, capacity 5871K, committed 5888K, reserved 1048576K
}
Event: 75.295 GC heap before
{Heap before GC invocations=17 (full 0):
 garbage-first heap   total 113664K, used 79424K [0x00000000c4600000, 0x0000000100000000)
  region size 1024K, 61 young (62464K), 5 survivors (5120K)
 Metaspace       used 50949K, capacity 52299K, committed 52784K, reserved 1095680K
  class space    used 6717K, capacity 7279K, committed 7296K, reserved 1048576K
}
Event: 75.322 GC heap after
{Heap after GC invocations=18 (full 0):
 garbage-first heap   total 113664K, used 24089K [0x00000000c4600000, 0x0000000100000000)
  region size 1024K, 7 young (7168K), 7 survivors (7168K)
 Metaspace       used 50949K, capacity 52299K, committed 52784K, reserved 1095680K
  class space    used 6717K, capacity 7279K, committed 7296K, reserved 1048576K
}
Event: 84.322 GC heap before
{Heap before GC invocations=18 (full 0):
 garbage-first heap   total 113664K, used 82457K [0x00000000c4600000, 0x0000000100000000)
  region size 1024K, 64 young (65536K), 7 survivors (7168K)
 Metaspace       used 56616K, capacity 58286K, committed 58416K, reserved 1099776K
  class space    used 7408K, capacity 8046K, committed 8064K, reserved 1048576K
}
Event: 84.488 GC heap after
{Heap after GC invocations=19 (full 0):
 garbage-first heap   total 113664K, used 28298K [0x00000000c4600000, 0x0000000100000000)
  region size 1024K, 7 young (7168K), 7 survivors (7168K)
 Metaspace       used 56616K, capacity 58286K, committed 58416K, reserved 1099776K
  class space    used 7408K, capacity 8046K, committed 8064K, reserved 1048576K
}

